<?xml version="1.0" encoding="UTF-8"?>
<!-- Generated by org.testng.reporters.JUnitReportReporter -->
<testsuite hostname="DESKTOP-KMT84M5" failures="0" tests="14" name="com.qa.opencart.Test.AccountsPageTest" time="0.092" errors="1" timestamp="18 Oct 2022 10:27:59 GMT" skipped="13">
  <testcase classname="com.qa.opencart.Test.AccountsPageTest" name="setUp" time="0.092">
    <error message="NO BROWSER FOUND EXCEPTION...." type="com.qa.opencart.Exceptions.FrameWorkException">
      <![CDATA[com.qa.opencart.Exceptions.FrameWorkException: NO BROWSER FOUND EXCEPTION....
at com.qa.opencart.factory.DriverFactory.initDriver(DriverFactory.java:82)
at com.qa.opencart.Base.BaseTest.setUp(BaseTest.java:31)
at java.base/jdk.internal.reflect.NativeMethodAccessorImpl.invoke0(Native Method)
at java.base/jdk.internal.reflect.NativeMethodAccessorImpl.invoke(NativeMethodAccessorImpl.java:77)
at java.base/jdk.internal.reflect.DelegatingMethodAccessorImpl.invoke(DelegatingMethodAccessorImpl.java:43)
at java.base/java.lang.reflect.Method.invoke(Method.java:568)
at org.testng.internal.MethodInvocationHelper.invokeMethod(MethodInvocationHelper.java:124)
at org.testng.internal.MethodInvocationHelper.invokeMethodConsideringTimeout(MethodInvocationHelper.java:59)
at org.testng.internal.Invoker.invokeConfigurationMethod(Invoker.java:458)
at org.testng.internal.Invoker.invokeConfigurations(Invoker.java:222)
at org.testng.internal.Invoker.invokeConfigurations(Invoker.java:142)
at org.testng.TestRunner.beforeRun(TestRunner.java:529)
at org.testng.TestRunner.run(TestRunner.java:497)
at org.testng.SuiteRunner.runTest(SuiteRunner.java:455)
at org.testng.SuiteRunner.runSequentially(SuiteRunner.java:450)
at org.testng.SuiteRunner.privateRun(SuiteRunner.java:415)
at org.testng.SuiteRunner.run(SuiteRunner.java:364)
at org.testng.SuiteRunnerWorker.runSuite(SuiteRunnerWorker.java:52)
at org.testng.SuiteRunnerWorker.run(SuiteRunnerWorker.java:84)
at org.testng.TestNG.runSuitesSequentially(TestNG.java:1208)
at org.testng.TestNG.runSuitesLocally(TestNG.java:1137)
at org.testng.TestNG.runSuites(TestNG.java:1049)
at org.testng.TestNG.run(TestNG.java:1017)
at org.testng.remote.AbstractRemoteTestNG.run(AbstractRemoteTestNG.java:115)
at org.testng.remote.RemoteTestNG.initAndRun(RemoteTestNG.java:251)
at org.testng.remote.RemoteTestNG.main(RemoteTestNG.java:77)
]]>
    </error>
  </testcase> <!-- setUp -->
  <testcase classname="com.qa.opencart.Test.AccountsPageTest" name="accPagetitleTest" time="0.000">
    <skipped/>
  </testcase> <!-- accPagetitleTest -->
  <testcase classname="com.qa.opencart.Test.AccountsPageTest" name="accPageUrlTest" time="0.000">
    <skipped/>
  </testcase> <!-- accPageUrlTest -->
  <testcase classname="com.qa.opencart.Test.AccountsPageTest" name="searchExistTest" time="0.000">
    <skipped/>
  </testcase> <!-- searchExistTest -->
  <testcase classname="com.qa.opencart.Test.AccountsPageTest" name="logOutLinkExistTest" time="0.000">
    <skipped/>
  </testcase> <!-- logOutLinkExistTest -->
  <testcase classname="com.qa.opencart.Test.AccountsPageTest" name="accPageHeadersTest" time="0.000">
    <skipped/>
  </testcase> <!-- accPageHeadersTest -->
  <testcase classname="com.qa.opencart.Test.AccountsPageTest" name="searchCheckTest" time="0.000">
    <skipped/>
  </testcase> <!-- searchCheckTest -->
  <testcase classname="com.qa.opencart.Test.AccountsPageTest" name="searchCheckTest" time="0.000">
    <skipped/>
  </testcase> <!-- searchCheckTest -->
  <testcase classname="com.qa.opencart.Test.AccountsPageTest" name="searchCheckTest" time="0.000">
    <skipped/>
  </testcase> <!-- searchCheckTest -->
  <testcase classname="com.qa.opencart.Test.AccountsPageTest" name="searchTest" time="0.000">
    <skipped/>
  </testcase> <!-- searchTest -->
  <testcase classname="com.qa.opencart.Test.AccountsPageTest" name="searchTest" time="0.000">
    <skipped/>
  </testcase> <!-- searchTest -->
  <testcase classname="com.qa.opencart.Test.AccountsPageTest" name="searchTest" time="0.000">
    <skipped/>
  </testcase> <!-- searchTest -->
  <testcase classname="com.qa.opencart.Test.AccountsPageTest" name="searchTest" time="0.000">
    <skipped/>
  </testcase> <!-- searchTest -->
  <testcase classname="com.qa.opencart.Test.AccountsPageTest" name="searchTest" time="0.000">
    <skipped/>
  </testcase> <!-- searchTest -->
</testsuite> <!-- com.qa.opencart.Test.AccountsPageTest -->
